\BOOKMARK [0][-]{chapter*.2}{List of Figures}{}% 1
\BOOKMARK [0][-]{chapter*.3}{List of Tables}{}% 2
\BOOKMARK [0][-]{chapter.1}{Introduction}{}% 3
\BOOKMARK [1][-]{section.1.1}{Overview}{chapter.1}% 4
\BOOKMARK [1][-]{section.1.2}{Motivation}{chapter.1}% 5
\BOOKMARK [1][-]{section.1.3}{Historical Context}{chapter.1}% 6
\BOOKMARK [2][-]{subsection.1.3.1}{Keynes and Ramsey on Rational Degrees of Belief}{section.1.3}% 7
\BOOKMARK [2][-]{subsection.1.3.2}{Bayesianism and Voluntarism}{section.1.3}% 8
\BOOKMARK [0][-]{chapter.2}{Reflection Principle and the Pragmatic Maxim}{}% 9
\BOOKMARK [1][-]{section.2.1}{Moore's Paradox and Self-Sabotaging}{chapter.2}% 10
\BOOKMARK [1][-]{section.2.2}{Dutchbook Argument for Reflection}{chapter.2}% 11
\BOOKMARK [1][-]{section.2.3}{Epistemic Failings}{chapter.2}% 12
\BOOKMARK [1][-]{section.2.4}{The Pragmatic Maxim}{chapter.2}% 13
\BOOKMARK [2][-]{subsection.2.4.1}{Operationalism and Counterfactual Context}{section.2.4}% 14
\BOOKMARK [2][-]{subsection.2.4.2}{Inferentialism and the Context of Deliberate Conduct}{section.2.4}% 15
\BOOKMARK [1][-]{section.2.5}{The Abductive Context of Inquiry}{chapter.2}% 16
\BOOKMARK [2][-]{subsection.2.5.1}{Van Fraassen's Anti-Abductivism}{section.2.5}% 17
\BOOKMARK [2][-]{subsection.2.5.2}{Van Fraassen's Dutch book argument against PIBE}{section.2.5}% 18
\BOOKMARK [2][-]{subsection.2.5.3}{Abduction, Predesignation, and Reflection}{section.2.5}% 19
\BOOKMARK [1][-]{section.2.6}{Conclusion}{chapter.2}% 20
\BOOKMARK [0][-]{chapter.3}{Deliberation and the Problem of Optional Stopping}{}% 21
\BOOKMARK [1][-]{section.3.1}{ESP and Optional Stopping}{chapter.3}% 22
\BOOKMARK [1][-]{section.3.2}{Likelihood and Counterfactual Probabilities}{chapter.3}% 23
\BOOKMARK [1][-]{section.3.3}{Intentions and Self-Sabotage Redux}{chapter.3}% 24
\BOOKMARK [1][-]{section.3.4}{Bayesian Early Stopping}{chapter.3}% 25
\BOOKMARK [1][-]{section.3.5}{Is Optional Stopping Irrational From the Perspective of the Utility Maximizer?}{chapter.3}% 26
\BOOKMARK [1][-]{section.3.6}{Conclusion}{chapter.3}% 27
\BOOKMARK [0][-]{chapter.4}{Abduction, Strategic Interrogation, and The Weight of Evidence}{}% 28
\BOOKMARK [1][-]{section.4.1}{Deduction as Strategic Interrogation}{chapter.4}% 29
\BOOKMARK [1][-]{section.4.2}{The Weight of Evidence}{chapter.4}% 30
\BOOKMARK [1][-]{section.4.3}{The Paradox of Ideal Evidence}{chapter.4}% 31
\BOOKMARK [1][-]{section.4.4}{The Statistical Perspective}{chapter.4}% 32
\BOOKMARK [1][-]{section.4.5}{The Concept of Resiliency}{chapter.4}% 33
\BOOKMARK [1][-]{section.4.6}{Counterfactual Priors and Hypothetical Data}{chapter.4}% 34
\BOOKMARK [1][-]{section.4.7}{Conclusion}{chapter.4}% 35
\BOOKMARK [0][-]{chapter*.5}{Bibliography}{}% 36
